android/app/build/intermediates/manifest_merge_blame_file/debug/manifest-merger-blame-debug-report.txt
1<?xml version="1.0" encoding="utf-8"?>
2<manifest xmlns:android="http://schemas.android.com/apk/res/android"
3    package="com.sondeneme"
4    android:versionCode="1"
5    android:versionName="1.0" >
6
7    <uses-sdk
8        android:minSdkVersion="21"
9        android:targetSdkVersion="34" />
10
11    <uses-permission android:name="android.permission.INTERNET" />
11-->src/main/AndroidManifest.xml:3:5-67
11-->src/main/AndroidManifest.xml:3:22-64
12    <uses-permission android:name="android.permission.CAMERA" />
12-->src/main/AndroidManifest.xml:4:5-65
12-->src/main/AndroidManifest.xml:4:22-62
13    <uses-permission android:name="android.permission.WRITE_EXTERNAL_STORAGE" />
13-->src/main/AndroidManifest.xml:5:5-81
13-->src/main/AndroidManifest.xml:5:22-78
14
15    <queries>
15-->[:react-native-image-crop-picker] AndroidManifest.xml:7:5-11:15
16        <intent>
16-->[:react-native-image-crop-picker] AndroidManifest.xml:8:9-10:18
17            <action android:name="android.media.action.IMAGE_CAPTURE" />
17-->[:react-native-image-crop-picker] AndroidManifest.xml:9:13-73
17-->[:react-native-image-crop-picker] AndroidManifest.xml:9:21-70
18        </intent>
19    </queries>
20
21    <uses-permission android:name="android.permission.READ_EXTERNAL_STORAGE" /> <!-- Required to access Google Play Licensing -->
22    <uses-permission android:name="com.android.vending.CHECK_LICENSE" />
22-->[:rn-fetch-blob] AndroidManifest.xml:8:5-73
22-->[:rn-fetch-blob] AndroidManifest.xml:8:22-70
23    <!--
24         Required to keep CPU alive while downloading files
25        (NOT to keep screen awake)
26    -->
27    <uses-permission android:name="android.permission.WAKE_LOCK" />
27-->[:rn-fetch-blob] AndroidManifest.xml:17:5-68
27-->[:rn-fetch-blob] AndroidManifest.xml:17:22-65
28    <!--
29         Required to poll the state of the network connection
30        and respond to changes
31    -->
32    <uses-permission android:name="android.permission.ACCESS_NETWORK_STATE" /> <!-- Required to check whether Wi-Fi is enabled -->
32-->[:rn-fetch-blob] AndroidManifest.xml:23:5-79
32-->[:rn-fetch-blob] AndroidManifest.xml:23:22-76
33    <uses-permission android:name="android.permission.ACCESS_WIFI_STATE" />
33-->[:rn-fetch-blob] AndroidManifest.xml:26:5-76
33-->[:rn-fetch-blob] AndroidManifest.xml:26:22-73
34    <!--
35    This manifest file is used only by Gradle to configure debug-only capabilities
36    for React Native Apps.
37    -->
38    <uses-permission android:name="android.permission.SYSTEM_ALERT_WINDOW" />
38-->[com.facebook.react:react-android:0.73.6] AndroidManifest.xml:16:5-78
38-->[com.facebook.react:react-android:0.73.6] AndroidManifest.xml:16:22-75
39
40    <permission
40-->[androidx.core:core:1.9.0] AndroidManifest.xml:22:5-24:47
41        android:name="com.sondeneme.DYNAMIC_RECEIVER_NOT_EXPORTED_PERMISSION"
41-->[androidx.core:core:1.9.0] AndroidManifest.xml:23:9-81
42        android:protectionLevel="signature" />
42-->[androidx.core:core:1.9.0] AndroidManifest.xml:24:9-44
43
44    <uses-permission android:name="com.sondeneme.DYNAMIC_RECEIVER_NOT_EXPORTED_PERMISSION" />
44-->[androidx.core:core:1.9.0] AndroidManifest.xml:26:5-97
44-->[androidx.core:core:1.9.0] AndroidManifest.xml:26:22-94
45
46    <application
46-->src/main/AndroidManifest.xml:7:5-26:19
47        android:name="com.sondeneme.MainApplication"
47-->src/main/AndroidManifest.xml:8:7-38
48        android:allowBackup="false"
48-->src/main/AndroidManifest.xml:12:7-34
49        android:appComponentFactory="androidx.core.app.CoreComponentFactory"
49-->[androidx.core:core:1.9.0] AndroidManifest.xml:28:18-86
50        android:debuggable="true"
51        android:extractNativeLibs="true"
52        android:icon="@mipmap/ic_launcher"
52-->src/main/AndroidManifest.xml:10:7-41
53        android:label="@string/app_name"
53-->src/main/AndroidManifest.xml:9:7-39
54        android:roundIcon="@mipmap/ic_launcher_round"
54-->src/main/AndroidManifest.xml:11:7-52
55        android:theme="@style/AppTheme"
55-->src/main/AndroidManifest.xml:13:7-38
56        android:usesCleartextTraffic="true" >
56-->src/debug/AndroidManifest.xml:6:9-44
57        <activity
57-->src/main/AndroidManifest.xml:14:7-25:18
58            android:name="com.sondeneme.MainActivity"
58-->src/main/AndroidManifest.xml:15:9-37
59            android:configChanges="keyboard|keyboardHidden|orientation|screenLayout|screenSize|smallestScreenSize|uiMode"
59-->src/main/AndroidManifest.xml:17:9-118
60            android:exported="true"
60-->src/main/AndroidManifest.xml:20:9-32
61            android:label="@string/app_name"
61-->src/main/AndroidManifest.xml:16:9-41
62            android:launchMode="singleTask"
62-->src/main/AndroidManifest.xml:18:9-40
63            android:windowSoftInputMode="adjustResize" >
63-->src/main/AndroidManifest.xml:19:9-51
64            <intent-filter>
64-->src/main/AndroidManifest.xml:21:9-24:25
65                <action android:name="android.intent.action.MAIN" />
65-->src/main/AndroidManifest.xml:22:13-65
65-->src/main/AndroidManifest.xml:22:21-62
66
67                <category android:name="android.intent.category.LAUNCHER" />
67-->src/main/AndroidManifest.xml:23:13-73
67-->src/main/AndroidManifest.xml:23:23-70
68            </intent-filter>
69        </activity>
70
71        <provider
71-->[:react-native-image-crop-picker] AndroidManifest.xml:16:9-24:20
72            android:name="com.reactnative.ivpusic.imagepicker.IvpusicImagePickerFileProvider"
72-->[:react-native-image-crop-picker] AndroidManifest.xml:17:13-94
73            android:authorities="com.sondeneme.provider"
73-->[:react-native-image-crop-picker] AndroidManifest.xml:18:13-60
74            android:exported="false"
74-->[:react-native-image-crop-picker] AndroidManifest.xml:19:13-37
75            android:grantUriPermissions="true" >
75-->[:react-native-image-crop-picker] AndroidManifest.xml:20:13-47
76            <meta-data
76-->[:react-native-image-crop-picker] AndroidManifest.xml:21:13-23:78
77                android:name="android.support.FILE_PROVIDER_PATHS"
77-->[:react-native-image-crop-picker] AndroidManifest.xml:22:17-67
78                android:resource="@xml/ivpusic_imagepicker_provider_paths" />
78-->[:react-native-image-crop-picker] AndroidManifest.xml:23:17-75
79        </provider>
80
81        <activity
81-->[:react-native-image-crop-picker] AndroidManifest.xml:26:9-28:72
82            android:name="com.yalantis.ucrop.UCropActivity"
82-->[:react-native-image-crop-picker] AndroidManifest.xml:27:13-60
83            android:theme="@style/Theme.AppCompat.Light.NoActionBar" />
83-->[:react-native-image-crop-picker] AndroidManifest.xml:28:13-69
84
85        <provider
85-->[:react-native-image-picker] AndroidManifest.xml:8:9-16:20
86            android:name="com.imagepicker.ImagePickerProvider"
86-->[:react-native-image-picker] AndroidManifest.xml:9:13-63
87            android:authorities="com.sondeneme.imagepickerprovider"
87-->[:react-native-image-picker] AndroidManifest.xml:10:13-71
88            android:exported="false"
88-->[:react-native-image-picker] AndroidManifest.xml:11:13-37
89            android:grantUriPermissions="true" >
89-->[:react-native-image-picker] AndroidManifest.xml:12:13-47
90            <meta-data
90-->[:react-native-image-crop-picker] AndroidManifest.xml:21:13-23:78
91                android:name="android.support.FILE_PROVIDER_PATHS"
91-->[:react-native-image-crop-picker] AndroidManifest.xml:22:17-67
92                android:resource="@xml/imagepicker_provider_paths" />
92-->[:react-native-image-crop-picker] AndroidManifest.xml:23:17-75
93        </provider>
94        <provider
94-->[:rn-fetch-blob] AndroidManifest.xml:32:9-40:20
95            android:name="com.RNFetchBlob.Utils.FileProvider"
95-->[:rn-fetch-blob] AndroidManifest.xml:33:13-62
96            android:authorities="com.sondeneme.provider"
96-->[:rn-fetch-blob] AndroidManifest.xml:34:13-60
97            android:exported="false"
97-->[:rn-fetch-blob] AndroidManifest.xml:35:13-37
98            android:grantUriPermissions="true" >
98-->[:rn-fetch-blob] AndroidManifest.xml:36:13-47
99            <meta-data
99-->[:react-native-image-crop-picker] AndroidManifest.xml:21:13-23:78
100                android:name="android.support.FILE_PROVIDER_PATHS"
100-->[:react-native-image-crop-picker] AndroidManifest.xml:22:17-67
101                android:resource="@xml/provider_paths" />
101-->[:react-native-image-crop-picker] AndroidManifest.xml:23:17-75
102        </provider>
103
104        <activity
104-->[com.facebook.react:react-android:0.73.6] AndroidManifest.xml:19:9-21:40
105            android:name="com.facebook.react.devsupport.DevSettingsActivity"
105-->[com.facebook.react:react-android:0.73.6] AndroidManifest.xml:20:13-77
106            android:exported="false" />
106-->[com.facebook.react:react-android:0.73.6] AndroidManifest.xml:21:13-37
107
108        <provider
108-->[androidx.emoji2:emoji2:1.2.0] AndroidManifest.xml:24:9-32:20
109            android:name="androidx.startup.InitializationProvider"
109-->[androidx.emoji2:emoji2:1.2.0] AndroidManifest.xml:25:13-67
110            android:authorities="com.sondeneme.androidx-startup"
110-->[androidx.emoji2:emoji2:1.2.0] AndroidManifest.xml:26:13-68
111            android:exported="false" >
111-->[androidx.emoji2:emoji2:1.2.0] AndroidManifest.xml:27:13-37
112            <meta-data
112-->[androidx.emoji2:emoji2:1.2.0] AndroidManifest.xml:29:13-31:52
113                android:name="androidx.emoji2.text.EmojiCompatInitializer"
113-->[androidx.emoji2:emoji2:1.2.0] AndroidManifest.xml:30:17-75
114                android:value="androidx.startup" />
114-->[androidx.emoji2:emoji2:1.2.0] AndroidManifest.xml:31:17-49
115            <meta-data
115-->[androidx.lifecycle:lifecycle-process:2.4.1] AndroidManifest.xml:31:13-33:52
116                android:name="androidx.lifecycle.ProcessLifecycleInitializer"
116-->[androidx.lifecycle:lifecycle-process:2.4.1] AndroidManifest.xml:32:17-78
117                android:value="androidx.startup" />
117-->[androidx.lifecycle:lifecycle-process:2.4.1] AndroidManifest.xml:33:17-49
118        </provider>
119
120        <meta-data
120-->[com.facebook.soloader:soloader:0.10.5] AndroidManifest.xml:12:9-14:37
121            android:name="com.facebook.soloader.enabled"
121-->[com.facebook.soloader:soloader:0.10.5] AndroidManifest.xml:13:13-57
122            android:value="false" />
122-->[com.facebook.soloader:soloader:0.10.5] AndroidManifest.xml:14:13-34
123    </application>
124
125</manifest>